# JRE version: Java(TM) SE Runtime Environment (8.0_151-b12) (build 1.8.0_151-b12)
# Java VM: Java HotSpot(TM) 64-Bit Server VM (25.151-b12 mixed mode linux-amd64 compressed oops)
Heap:
 PSYoungGen      total 34304K, used 13302K [0x00000000ebb80000, 0x00000000efd80000, 0x0000000100000000)
  eden space 27136K, 29% used [0x00000000ebb80000,0x00000000ec3377f0,0x00000000ed600000)
  from space 7168K, 75% used [0x00000000ed600000,0x00000000edb46078,0x00000000edd00000)
  to   space 8192K, 0% used [0x00000000ef580000,0x00000000ef580000,0x00000000efd80000)
 ParOldGen       total 31232K, used 9890K [0x00000000c3200000, 0x00000000c5080000, 0x00000000ebb80000)
  object space 31232K, 31% used [0x00000000c3200000,0x00000000c3ba8b60,0x00000000c5080000)
 Metaspace       used 29679K, capacity 30332K, committed 30592K, reserved 1075200K
  class space    used 3978K, capacity 4172K, committed 4224K, reserved 1048576K
GC Heap History (10 events):
Event: 43.207 GC heap before
{Heap before GC invocations=5 (full 1):
 PSYoungGen      total 18432K, used 16341K [0x00000000ebb80000, 0x00000000ed000000, 0x0000000100000000)
  eden space 15872K, 100% used [0x00000000ebb80000,0x00000000ecb00000,0x00000000ecb00000)
  from space 2560K, 18% used [0x00000000ecb00000,0x00000000ecb755b0,0x00000000ecd80000)
  to   space 2560K, 0% used [0x00000000ecd80000,0x00000000ecd80000,0x00000000ed000000)
 ParOldGen       total 42496K, used 5000K [0x00000000c3200000, 0x00000000c5b80000, 0x00000000ebb80000)
  object space 42496K, 11% used [0x00000000c3200000,0x00000000c36e2268,0x00000000c5b80000)
 Metaspace       used 14596K, capacity 15130K, committed 15232K, reserved 1062912K
  class space    used 1968K, capacity 2107K, committed 2176K, reserved 1048576K
Event: 43.210 GC heap after
Heap after GC invocations=5 (full 1):
 PSYoungGen      total 18432K, used 781K [0x00000000ebb80000, 0x00000000edf80000, 0x0000000100000000)
  eden space 15872K, 0% used [0x00000000ebb80000,0x00000000ebb80000,0x00000000ecb00000)
  from space 2560K, 30% used [0x00000000ecd80000,0x00000000ece436c0,0x00000000ed000000)
  to   space 2560K, 0% used [0x00000000ecb00000,0x00000000ecb00000,0x00000000ecd80000)
 ParOldGen       total 42496K, used 5008K [0x00000000c3200000, 0x00000000c5b80000, 0x00000000ebb80000)
  object space 42496K, 11% used [0x00000000c3200000,0x00000000c36e4268,0x00000000c5b80000)
 Metaspace       used 14596K, capacity 15130K, committed 15232K, reserved 1062912K
  class space    used 1968K, capacity 2107K, committed 2176K, reserved 1048576K
}
Event: 44.381 GC heap before
{Heap before GC invocations=6 (full 1):
 PSYoungGen      total 18432K, used 16633K [0x00000000ebb80000, 0x00000000edf80000, 0x0000000100000000)
  eden space 15872K, 99% used [0x00000000ebb80000,0x00000000ecafaf50,0x00000000ecb00000)
  from space 2560K, 30% used [0x00000000ecd80000,0x00000000ece436c0,0x00000000ed000000)
  to   space 2560K, 0% used [0x00000000ecb00000,0x00000000ecb00000,0x00000000ecd80000)
 ParOldGen       total 42496K, used 5008K [0x00000000c3200000, 0x00000000c5b80000, 0x00000000ebb80000)
  object space 42496K, 11% used [0x00000000c3200000,0x00000000c36e4268,0x00000000c5b80000)
 Metaspace       used 19194K, capacity 19772K, committed 19968K, reserved 1067008K
  class space    used 2633K, capacity 2800K, committed 2816K, reserved 1048576K
Event: 44.400 GC heap after
Heap after GC invocations=6 (full 1):
 PSYoungGen      total 18432K, used 2544K [0x00000000ebb80000, 0x00000000edf80000, 0x0000000100000000)
  eden space 15872K, 0% used [0x00000000ebb80000,0x00000000ebb80000,0x00000000ecb00000)
  from space 2560K, 99% used [0x00000000ecb00000,0x00000000ecd7c288,0x00000000ecd80000)
  to   space 2560K, 0% used [0x00000000edd00000,0x00000000edd00000,0x00000000edf80000)
 ParOldGen       total 42496K, used 6689K [0x00000000c3200000, 0x00000000c5b80000, 0x00000000ebb80000)
  object space 42496K, 15% used [0x00000000c3200000,0x00000000c38884c0,0x00000000c5b80000)
 Metaspace       used 19194K, capacity 19772K, committed 19968K, reserved 1067008K
  class space    used 2633K, capacity 2800K, committed 2816K, reserved 1048576K
}
Event: 45.369 GC heap before
{Heap before GC invocations=7 (full 1):
 PSYoungGen      total 18432K, used 18181K [0x00000000ebb80000, 0x00000000edf80000, 0x0000000100000000)
  eden space 15872K, 98% used [0x00000000ebb80000,0x00000000ecac52e0,0x00000000ecb00000)
  from space 2560K, 99% used [0x00000000ecb00000,0x00000000ecd7c288,0x00000000ecd80000)
  to   space 2560K, 0% used [0x00000000edd00000,0x00000000edd00000,0x00000000edf80000)
 ParOldGen       total 42496K, used 6689K [0x00000000c3200000, 0x00000000c5b80000, 0x00000000ebb80000)
  object space 42496K, 15% used [0x00000000c3200000,0x00000000c38884c0,0x00000000c5b80000)
 Metaspace       used 22802K, capacity 23324K, committed 23468K, reserved 1069056K
  class space    used 3112K, capacity 3280K, committed 3328K, reserved 1048576K
Event: 45.404 GC heap after
Heap after GC invocations=7 (full 1):
 PSYoungGen      total 29696K, used 2533K [0x00000000ebb80000, 0x00000000ee880000, 0x0000000100000000)
  eden space 27136K, 0% used [0x00000000ebb80000,0x00000000ebb80000,0x00000000ed600000)
  from space 2560K, 98% used [0x00000000edd00000,0x00000000edf79480,0x00000000edf80000)
  to   space 7168K, 0% used [0x00000000ed600000,0x00000000ed600000,0x00000000edd00000)
 ParOldGen       total 42496K, used 9203K [0x00000000c3200000, 0x00000000c5b80000, 0x00000000ebb80000)
  object space 42496K, 21% used [0x00000000c3200000,0x00000000c3afcdc0,0x00000000c5b80000)
 Metaspace       used 22802K, capacity 23324K, committed 23468K, reserved 1069056K
  class space    used 3112K, capacity 3280K, committed 3328K, reserved 1048576K
}
Event: 45.404 GC heap before
{Heap before GC invocations=8 (full 2):
 PSYoungGen      total 29696K, used 2533K [0x00000000ebb80000, 0x00000000ee880000, 0x0000000100000000)
  eden space 27136K, 0% used [0x00000000ebb80000,0x00000000ebb80000,0x00000000ed600000)
  from space 2560K, 98% used [0x00000000edd00000,0x00000000edf79480,0x00000000edf80000)
  to   space 7168K, 0% used [0x00000000ed600000,0x00000000ed600000,0x00000000edd00000)
 ParOldGen       total 42496K, used 9203K [0x00000000c3200000, 0x00000000c5b80000, 0x00000000ebb80000)
  object space 42496K, 21% used [0x00000000c3200000,0x00000000c3afcdc0,0x00000000c5b80000)
 Metaspace       used 22802K, capacity 23324K, committed 23468K, reserved 1069056K
  class space    used 3112K, capacity 3280K, committed 3328K, reserved 1048576K
Event: 45.477 GC heap after
Heap after GC invocations=8 (full 2):
 PSYoungGen      total 29696K, used 0K [0x00000000ebb80000, 0x00000000ee880000, 0x0000000100000000)
  eden space 27136K, 0% used [0x00000000ebb80000,0x00000000ebb80000,0x00000000ed600000)
  from space 2560K, 0% used [0x00000000edd00000,0x00000000edd00000,0x00000000edf80000)
  to   space 7168K, 0% used [0x00000000ed600000,0x00000000ed600000,0x00000000edd00000)
 ParOldGen       total 31232K, used 9882K [0x00000000c3200000, 0x00000000c5080000, 0x00000000ebb80000)
  object space 31232K, 31% used [0x00000000c3200000,0x00000000c3ba6b60,0x00000000c5080000)
 Metaspace       used 22802K, capacity 23324K, committed 23468K, reserved 1069056K
  class space    used 3112K, capacity 3280K, committed 3328K, reserved 1048576K
}
Event: 46.547 GC heap before
{Heap before GC invocations=9 (full 2):
 PSYoungGen      total 29696K, used 27136K [0x00000000ebb80000, 0x00000000ee880000, 0x0000000100000000)
  eden space 27136K, 100% used [0x00000000ebb80000,0x00000000ed600000,0x00000000ed600000)
  from space 2560K, 0% used [0x00000000edd00000,0x00000000edd00000,0x00000000edf80000)
  to   space 7168K, 0% used [0x00000000ed600000,0x00000000ed600000,0x00000000edd00000)
 ParOldGen       total 31232K, used 9882K [0x00000000c3200000, 0x00000000c5080000, 0x00000000ebb80000)
  object space 31232K, 31% used [0x00000000c3200000,0x00000000c3ba6b60,0x00000000c5080000)
 Metaspace       used 28623K, capacity 29224K, committed 29696K, reserved 1075200K
  class space    used 3856K, capacity 4030K, committed 4096K, reserved 1048576K
Event: 46.559 GC heap after
Heap after GC invocations=9 (full 2):
 PSYoungGen      total 34304K, used 5400K [0x00000000ebb80000, 0x00000000efd80000, 0x0000000100000000)
  eden space 27136K, 0% used [0x00000000ebb80000,0x00000000ebb80000,0x00000000ed600000)
  from space 7168K, 75% used [0x00000000ed600000,0x00000000edb46078,0x00000000edd00000)
  to   space 8192K, 0% used [0x00000000ef580000,0x00000000ef580000,0x00000000efd80000)
 ParOldGen       total 31232K, used 9890K [0x00000000c3200000, 0x00000000c5080000, 0x00000000ebb80000)
  object space 31232K, 31% used [0x00000000c3200000,0x00000000c3ba8b60,0x00000000c5080000)
 Metaspace       used 28623K, capacity 29224K, committed 29696K, reserved 1075200K
  class space    used 3856K, capacity 4030K, committed 4096K, reserved 1048576K
}

